<?xml version="1.0" encoding="UTF-8"?>
<!-- Generated by org.testng.reporters.JUnitReportReporter -->
<testsuite hostname="LAPTOP-5KMFOFH9" failures="0" tests="2" name="jsonSchemaValidation.JsonSchemaValidation" time="3.200" errors="0" timestamp="2023-03-14T16:32:18 IST" skipped="0">
  <testcase classname="jsonSchemaValidation.JsonSchemaValidation" name="validatexmlSchema" time="0.335"/>
  <system-out/>
  <testcase classname="jsonSchemaValidation.JsonSchemaValidation" name="validateSchema" time="2.865"/>
  <system-out/>
</testsuite> <!-- jsonSchemaValidation.JsonSchemaValidation -->
