<?xml version="1.0" encoding="UTF-8"?>
<!-- Generated by org.testng.reporters.JUnitReportReporter -->
<testsuite hostname="LAPTOP-5KMFOFH9" failures="0" tests="2" name="httpREquest.PostRequestWays" time="2.487" errors="0" timestamp="2023-02-16T14:43:40 IST" skipped="0">
  <testcase classname="httpREquest.PostRequestWays" name="postUsingFile" time="2.434"/>
  <system-out/>
  <testcase classname="httpREquest.PostRequestWays" name="deleteUser" time="0.053"/>
  <system-out/>
</testsuite> <!-- httpREquest.PostRequestWays -->
