<?xml version="1.0" encoding="UTF-8"?>
<!-- Generated by org.testng.reporters.JUnitReportReporter -->
<testsuite hostname="LAPTOP-5KMFOFH9" failures="0" tests="2" name="jsonSchemaValidation.JSonDataVAlidation" time="2.692" errors="0" timestamp="2023-03-14T12:29:03 IST" skipped="0">
  <testcase classname="jsonSchemaValidation.JSonDataVAlidation" name="dataValidation" time="2.629"/>
  <system-out/>
  <testcase classname="jsonSchemaValidation.JSonDataVAlidation" name="totalBooks" time="0.063"/>
  <system-out/>
</testsuite> <!-- jsonSchemaValidation.JSonDataVAlidation -->
