<?xml version="1.0" encoding="UTF-8"?>
<!-- Generated by org.testng.reporters.JUnitReportReporter -->
<testsuite hostname="LAPTOP-5KMFOFH9" failures="0" tests="2" name="serializationandDeserialization.SerializationandDeserialization" time="0.363" errors="0" timestamp="2023-03-15T11:01:20 IST" skipped="0">
  <testcase classname="serializationandDeserialization.SerializationandDeserialization" name="pojoToJson" time="0.017"/>
  <system-out/>
  <testcase classname="serializationandDeserialization.SerializationandDeserialization" name="jsonToPojo" time="0.346"/>
  <system-out/>
</testsuite> <!-- serializationandDeserialization.SerializationandDeserialization -->
