<?xml version="1.0" encoding="UTF-8"?>
<!-- Generated by org.testng.reporters.JUnitReportReporter -->
<testsuite hostname="LAPTOP-5KMFOFH9" failures="0" tests="1" name="httpREquest.PathAndQueryParameters" time="1.625" errors="0" timestamp="2023-02-16T15:09:37 IST" skipped="0">
  <testcase classname="httpREquest.PathAndQueryParameters" name="testPath_QueryParam" time="1.625"/>
  <system-out/>
</testsuite> <!-- httpREquest.PathAndQueryParameters -->
