<?xml version="1.0" encoding="UTF-8"?>
<!-- Generated by org.testng.reporters.JUnitReportReporter -->
<testsuite hostname="LAPTOP-5KMFOFH9" failures="0" tests="4" name="httpREquest.GETRequest" time="5.460" errors="0" timestamp="2023-02-16T10:50:37 IST" skipped="0">
  <testcase classname="httpREquest.GETRequest" name="getUser" time="3.482"/>
  <system-out/>
  <testcase classname="httpREquest.GETRequest" name="createUser" time="1.015"/>
  <system-out/>
  <testcase classname="httpREquest.GETRequest" name="updateUSer" time="0.487"/>
  <system-out/>
  <testcase classname="httpREquest.GETRequest" name="deleteUser" time="0.476"/>
  <system-out/>
</testsuite> <!-- httpREquest.GETRequest -->
